<?xml version="1.0" encoding="UTF-8"?>
<testsuite name="DartsTest" tests="7" skipped="0" failures="0" errors="0" timestamp="2019-05-05T11:40:58" hostname="Mikkos-Air" time="0.01">
  <properties/>
  <testcase name="testDartLandsOnBorderBetweenMiddleAndInnerCircles" classname="DartsTest" time="0.002"/>
  <testcase name="testDartLandsInTheInnerCircle" classname="DartsTest" time="0.0"/>
  <testcase name="testDartOutsideTarget" classname="DartsTest" time="0.0"/>
  <testcase name="testDartLandsOnMiddleOfCircle" classname="DartsTest" time="0.002"/>
  <testcase name="testDartLandsInOuterCircle" classname="DartsTest" time="0.002"/>
  <testcase name="testDartLandsOnBorderOfTarget" classname="DartsTest" time="0.0"/>
  <testcase name="testDartLandsInBorderBetweenOuterAndMiddleCircles" classname="DartsTest" time="0.001"/>
  <system-out><![CDATA[]]></system-out>
  <system-err><![CDATA[]]></system-err>
</testsuite>
