<?xml version="1.0" encoding="UTF-8"?>
<testsuite name="DartsTest" tests="7" skipped="6" failures="0" errors="0" timestamp="2019-04-20T23:44:53" hostname="Mikkos-MacBook-Air.local" time="0.006">
  <properties/>
  <testcase name="testDartLandsOnBorderBetweenMiddleAndInnerCircles" classname="DartsTest" time="0.0">
    <skipped/>
  </testcase>
  <testcase name="testDartLandsInTheInnerCircle" classname="DartsTest" time="0.0">
    <skipped/>
  </testcase>
  <testcase name="testDartOutsideTarget" classname="DartsTest" time="0.001"/>
  <testcase name="testDartLandsOnMiddleOfCircle" classname="DartsTest" time="0.0">
    <skipped/>
  </testcase>
  <testcase name="testDartLandsInOuterCircle" classname="DartsTest" time="0.0">
    <skipped/>
  </testcase>
  <testcase name="testDartLandsOnBorderOfTarget" classname="DartsTest" time="0.0">
    <skipped/>
  </testcase>
  <testcase name="testDartLandsInBorderBetweenOuterAndMiddleCircles" classname="DartsTest" time="0.0">
    <skipped/>
  </testcase>
  <system-out><![CDATA[]]></system-out>
  <system-err><![CDATA[]]></system-err>
</testsuite>
